<?xml version="1.0" encoding="UTF-8"?>
<!-- Generated by org.testng.reporters.JUnitReportReporter -->
<testsuite hostname="DESKTOP-6PPGMDK" name="testNG.Programs.TestGoogle" tests="1" failures="0" timestamp="4 Oct 2016 06:17:39 GMT" time="72.956" errors="0">
  <testcase name="login" time="72.956" classname="testNG.Programs.TestGoogle"/>
</testsuite> <!-- testNG.Programs.TestGoogle -->
