<?xml version="1.0" encoding="UTF-8"?>
<!-- Generated by org.testng.reporters.JUnitReportReporter -->
<testsuite hostname="DESKTOP-6PPGMDK" name="testSuite.hard_Assert_example" tests="2" failures="0" timestamp="6 Oct 2016 05:45:20 GMT" time="0.025" errors="0">
  <testcase name="method_2" time="0.008" classname="testSuite.hard_Assert_example"/>
  <testcase name="method_4" time="0.017" classname="testSuite.hard_Assert_example"/>
</testsuite> <!-- testSuite.hard_Assert_example -->
