<?xml version="1.0" encoding="UTF-8"?>
<!-- Generated by org.testng.reporters.JUnitReportReporter -->
<testsuite hostname="DESKTOP-6PPGMDK" name="testNG.Programs.NewTest" tests="1" failures="0" timestamp="4 Oct 2016 04:46:54 GMT" time="64.263" errors="0">
  <testcase name="newMethod" time="64.263" classname="testNG.Programs.NewTest"/>
</testsuite> <!-- testNG.Programs.NewTest -->
