<?xml version="1.0" encoding="UTF-8"?>
<!-- Generated by org.testng.reporters.JUnitReportReporter -->
<testsuite hostname="DESKTOP-6PPGMDK" name="testNG.Programs.Assert_Example_3" tests="1" failures="0" timestamp="4 Oct 2016 08:11:15 GMT" time="39.341" errors="0">
  <testcase name="validateGoogleTitle" time="39.341" classname="testNG.Programs.Assert_Example_3"/>
</testsuite> <!-- testNG.Programs.Assert_Example_3 -->
