<?xml version="1.0" encoding="UTF-8"?>
<!-- Generated by org.testng.reporters.JUnitReportReporter -->
<testsuite hostname="DESKTOP-6PPGMDK" name="testSuite.soft_Assert_example" tests="2" failures="0" timestamp="6 Oct 2016 05:45:20 GMT" time="0.054" errors="0">
  <testcase name="method_3" time="0.007" classname="testSuite.soft_Assert_example"/>
  <testcase name="method_1" time="0.047" classname="testSuite.soft_Assert_example"/>
</testsuite> <!-- testSuite.soft_Assert_example -->
