<?xml version="1.0" encoding="UTF-8"?>
<!-- Generated by org.testng.reporters.JUnitReportReporter -->
<testsuite hostname="DESKTOP-6PPGMDK" name="testNG.Programs.Frame_example_1" tests="1" failures="0" timestamp="3 Oct 2016 08:23:41 GMT" time="97.231" errors="0">
  <testcase name="frames" time="97.231" classname="testNG.Programs.Frame_example_1"/>
</testsuite> <!-- testNG.Programs.Frame_example_1 -->
