<?xml version="1.0" encoding="UTF-8"?>
<!-- Generated by org.testng.reporters.JUnitReportReporter -->
<testsuite hostname="DESKTOP-6PPGMDK" name="SeleniumTraining.NewTest" tests="1" failures="0" timestamp="3 Oct 2016 07:40:41 GMT" time="0.047" errors="0">
  <testcase name="newMethod" time="0.047" classname="SeleniumTraining.NewTest"/>
</testsuite> <!-- SeleniumTraining.NewTest -->
