<?xml version="1.0" encoding="UTF-8"?>
<!-- Generated by org.testng.reporters.JUnitReportReporter -->
<testsuite skipped="0" hostname="DESKTOP-6PPGMDK" name="testSuite.hard_Assert_example" tests="2" failures="0" timestamp="6 Oct 2016 06:56:24 GMT" time="0.037" errors="0">
  <testcase name="method_4" time="0.005" classname="testSuite.hard_Assert_example"/>
  <testcase name="method_2" time="0.032" classname="testSuite.hard_Assert_example"/>
</testsuite> <!-- testSuite.hard_Assert_example -->
